SF:lib/movie/data/models/movie_model.dart
DA:6,4
DA:36,4
DA:37,2
DA:38,2
DA:39,8
DA:40,2
DA:41,2
DA:42,2
DA:43,4
DA:44,2
DA:45,2
DA:46,2
DA:47,2
DA:48,4
DA:49,2
DA:52,2
DA:53,1
DA:54,1
DA:55,4
DA:56,1
DA:57,1
DA:58,1
DA:59,1
DA:60,1
DA:61,1
DA:62,1
DA:63,1
DA:64,1
DA:65,1
DA:68,2
DA:69,2
DA:70,2
DA:71,2
DA:72,2
DA:73,2
DA:74,2
DA:75,2
DA:76,2
DA:77,2
DA:78,2
DA:79,2
DA:80,2
DA:81,2
DA:82,2
DA:86,2
DA:87,2
DA:88,2
DA:89,2
DA:90,2
DA:91,2
DA:92,2
DA:93,2
DA:94,2
DA:95,2
DA:96,2
DA:97,2
DA:98,2
DA:99,2
DA:100,2
LF:59
LH:59
end_of_record
SF:lib/movie/domain/entities/movie.dart
DA:4,2
DA:20,0
DA:49,2
DA:50,2
DA:51,2
DA:52,2
DA:53,2
DA:54,2
DA:55,2
DA:56,2
DA:57,2
DA:58,2
DA:59,2
DA:60,2
DA:61,2
DA:62,2
DA:63,2
LF:17
LH:16
end_of_record
SF:lib/movie/data/models/movie_response.dart
DA:8,2
DA:10,4
DA:11,4
DA:12,6
DA:13,6
DA:16,2
DA:17,5
DA:20,1
DA:21,2
LF:9
LH:9
end_of_record
SF:lib/search/data/datasources/search_remote_datasource.dart
DA:19,1
DA:21,1
DA:23,1
DA:24,3
DA:26,2
DA:27,4
DA:29,1
DA:33,1
DA:35,1
DA:36,3
DA:38,2
DA:39,4
DA:41,1
LF:13
LH:13
end_of_record
SF:lib/tv/data/models/tv_model.dart
DA:5,4
DA:35,4
DA:36,2
DA:37,2
DA:38,8
DA:39,2
DA:40,2
DA:41,8
DA:42,2
DA:43,2
DA:44,2
DA:45,4
DA:46,2
DA:47,4
DA:48,2
DA:51,2
DA:52,1
DA:53,1
DA:54,4
DA:55,1
DA:56,1
DA:57,4
DA:58,1
DA:59,1
DA:60,1
DA:61,1
DA:62,1
DA:63,1
DA:64,1
DA:67,4
DA:68,2
DA:69,2
DA:70,2
DA:71,2
DA:72,2
DA:73,2
DA:74,2
DA:75,2
DA:76,2
DA:77,2
DA:78,2
DA:79,2
DA:80,2
DA:82,2
DA:83,2
DA:84,2
DA:85,2
DA:86,2
DA:87,2
DA:88,2
DA:89,2
DA:90,2
DA:91,2
DA:92,2
DA:93,2
DA:94,2
DA:95,2
DA:96,2
LF:58
LH:58
end_of_record
SF:lib/tv/data/models/tv_response.dart
DA:8,2
DA:10,1
DA:11,2
DA:13,2
DA:14,2
DA:15,4
DA:16,6
DA:17,6
DA:21,1
DA:22,6
LF:10
LH:10
end_of_record
SF:lib/utils/exception.dart
DA:6,0
LF:1
LH:0
end_of_record
SF:lib/tv/domain/entities/tv.dart
DA:4,2
DA:20,0
DA:49,2
DA:50,2
DA:51,2
DA:52,2
DA:53,2
DA:54,2
DA:55,2
DA:56,2
DA:57,2
DA:58,2
DA:59,2
DA:60,2
DA:61,2
DA:62,2
DA:63,2
LF:17
LH:16
end_of_record
SF:lib/utils/json_reader.dart
DA:5,3
DA:7,6
DA:8,6
DA:9,0
DA:10,3
DA:11,0
DA:13,9
LF:7
LH:5
end_of_record
SF:lib/search/data/repositories/search_repository_impl.dart
DA:14,1
DA:16,1
DA:19,2
DA:20,5
DA:21,1
DA:22,2
DA:23,1
DA:24,2
DA:28,1
DA:31,2
DA:32,5
DA:33,1
DA:34,2
DA:35,1
DA:36,2
LF:15
LH:15
end_of_record
SF:lib/utils/failure.dart
DA:6,1
DA:8,1
DA:9,2
DA:13,2
DA:17,2
DA:21,0
LF:6
LH:5
end_of_record
