SF:lib/data/models/movie_detail_model.dart
DA:6,3
DA:52,1
DA:53,1
DA:54,1
DA:55,1
DA:56,1
DA:57,1
DA:58,4
DA:59,1
DA:60,1
DA:61,1
DA:62,1
DA:63,1
DA:64,1
DA:65,2
DA:66,1
DA:67,1
DA:68,1
DA:69,1
DA:70,1
DA:71,1
DA:72,1
DA:73,1
DA:74,2
DA:75,1
DA:78,2
DA:79,1
DA:80,1
DA:81,1
DA:82,5
DA:83,1
DA:84,1
DA:85,1
DA:86,1
DA:87,1
DA:88,1
DA:89,1
DA:90,1
DA:91,1
DA:92,1
DA:93,1
DA:94,1
DA:95,1
DA:96,1
DA:97,1
DA:98,1
DA:99,1
DA:102,1
DA:103,1
DA:104,1
DA:105,1
DA:106,5
DA:107,1
DA:108,1
DA:109,1
DA:110,1
DA:111,1
DA:112,1
DA:113,1
DA:114,1
DA:115,1
DA:119,1
DA:120,1
DA:121,1
DA:122,1
DA:123,1
DA:124,1
DA:125,1
DA:126,1
DA:127,1
DA:128,1
DA:129,1
DA:130,1
DA:131,1
DA:132,1
DA:133,1
DA:134,1
DA:135,1
DA:136,1
DA:137,1
DA:138,1
DA:139,1
DA:140,1
DA:141,1
LF:84
LH:84
end_of_record
SF:lib/data/datasources/db/database_helper.dart
DA:8,0
DA:12,0
DA:16,0
DA:17,0
DA:23,0
DA:24,0
DA:25,0
DA:27,0
DA:31,0
DA:32,0
DA:39,0
DA:42,0
DA:43,0
DA:44,0
DA:47,0
DA:48,0
DA:49,0
DA:52,0
DA:56,0
DA:57,0
DA:58,0
DA:61,0
DA:64,0
DA:65,0
DA:71,0
DA:72,0
DA:73,0
LF:27
LH:0
end_of_record
SF:lib/data/models/movie_table.dart
DA:11,14
DA:18,2
DA:19,1
DA:20,1
DA:21,1
DA:22,1
DA:25,2
DA:26,1
DA:27,1
DA:28,1
DA:29,1
DA:32,0
DA:33,0
DA:34,0
DA:35,0
DA:36,0
DA:39,2
DA:40,1
DA:41,1
DA:42,1
DA:43,1
DA:46,2
DA:47,10
LF:23
LH:18
end_of_record
SF:lib/data/datasources/movie_local_data_source.dart
DA:16,1
DA:18,1
DA:21,2
DA:24,2
DA:28,1
DA:31,2
DA:34,2
DA:38,1
DA:40,2
DA:42,1
DA:48,1
DA:50,2
DA:51,4
LF:13
LH:13
end_of_record
SF:lib/domain/entities/movie_detail.dart
DA:6,13
DA:34,2
DA:35,2
DA:36,2
DA:37,2
DA:38,2
DA:39,2
DA:40,2
DA:41,2
DA:42,2
DA:43,2
DA:44,2
DA:45,2
DA:46,2
LF:14
LH:14
end_of_record
SF:lib/data/datasources/movie_remote_data_source.dart
DA:23,1
DA:25,1
DA:28,4
DA:30,2
DA:31,4
DA:33,1
DA:37,1
DA:40,4
DA:42,2
DA:43,3
DA:45,1
DA:49,1
DA:51,1
DA:52,3
DA:54,2
DA:55,4
DA:57,1
DA:61,1
DA:64,4
DA:66,2
DA:67,4
DA:69,1
DA:73,1
DA:76,4
DA:78,2
DA:79,4
DA:81,1
LF:27
LH:27
end_of_record
SF:lib/data/repositories/movie_repository_impl.dart
DA:17,1
DA:22,1
DA:25,2
DA:26,5
DA:27,1
DA:29,1
DA:34,1
DA:37,2
DA:38,2
DA:39,1
DA:41,1
DA:46,1
DA:49,2
DA:50,3
DA:51,1
DA:53,1
DA:58,1
DA:61,2
DA:62,5
DA:63,1
DA:65,1
DA:70,1
DA:73,2
DA:74,5
DA:75,1
DA:77,1
DA:82,1
DA:86,3
DA:87,1
DA:88,1
DA:89,3
DA:95,1
DA:99,3
DA:100,1
DA:101,1
DA:102,3
DA:106,1
DA:108,2
DA:112,1
DA:114,2
DA:115,5
LF:41
LH:41
end_of_record
SF:lib/movie.dart
DA:6,2
LF:1
LH:1
end_of_record
SF:lib/domain/usecases/save_watchlist.dart
DA:9,1
DA:11,1
DA:12,2
LF:3
LH:3
end_of_record
SF:lib/domain/usecases/get_top_rated_movies.dart
DA:9,1
DA:11,1
DA:12,2
LF:3
LH:3
end_of_record
SF:lib/domain/usecases/remove_watchlist.dart
DA:9,1
DA:11,1
DA:12,2
LF:3
LH:3
end_of_record
SF:lib/domain/usecases/get_popular_movies.dart
DA:9,1
DA:11,1
DA:12,2
LF:3
LH:3
end_of_record
SF:lib/domain/usecases/get_watchlist_movies.dart
DA:9,1
DA:11,1
DA:12,2
LF:3
LH:3
end_of_record
SF:lib/domain/usecases/get_movie_recommendations.dart
DA:9,1
DA:11,1
DA:12,2
LF:3
LH:3
end_of_record
SF:lib/domain/usecases/get_now_playing_movies.dart
DA:9,1
DA:11,1
DA:12,2
LF:3
LH:3
end_of_record
SF:lib/presentation/bloc/now_playing/bloc/now_playing_movie_state.dart
DA:4,2
DA:6,1
DA:7,1
DA:17,1
DA:19,1
DA:20,2
DA:26,2
LF:7
LH:7
end_of_record
SF:lib/presentation/bloc/now_playing/bloc/now_playing_movie_event.dart
DA:4,2
DA:6,1
DA:7,1
LF:3
LH:3
end_of_record
SF:lib/presentation/bloc/now_playing/bloc/now_playing_movie_bloc.dart
DA:11,1
DA:12,2
DA:13,2
DA:14,2
DA:16,2
DA:17,1
DA:18,1
DA:19,3
DA:21,1
DA:22,2
LF:10
LH:10
end_of_record
SF:lib/domain/usecases/get_movie_detail.dart
DA:9,1
DA:11,1
DA:12,2
LF:3
LH:3
end_of_record
SF:lib/domain/usecases/get_watchlist_status.dart
DA:6,1
DA:8,1
DA:9,2
LF:3
LH:3
end_of_record
SF:lib/presentation/bloc/popular/popular_movie_state.dart
DA:4,4
DA:6,2
DA:7,2
DA:17,2
DA:19,1
DA:20,2
DA:26,3
LF:7
LH:7
end_of_record
SF:lib/presentation/bloc/popular/popular_movie_bloc.dart
DA:10,3
DA:11,2
DA:12,2
DA:13,2
DA:14,1
DA:15,1
DA:16,3
DA:18,1
DA:19,2
LF:9
LH:9
end_of_record
SF:lib/presentation/bloc/popular/popular_movie_event.dart
DA:4,2
DA:6,1
DA:7,1
LF:3
LH:3
end_of_record
SF:lib/presentation/pages/popular_movies_page.dart
DA:7,1
DA:9,1
DA:11,1
DA:12,1
DA:15,1
DA:17,1
DA:18,1
DA:19,1
DA:23,1
DA:24,1
DA:25,1
DA:26,2
DA:27,1
DA:29,2
DA:31,1
DA:32,1
DA:34,2
LF:17
LH:17
end_of_record
SF:lib/presentation/bloc/recommendation/recommendation_movie_event.dart
DA:4,3
DA:6,0
DA:7,0
DA:13,3
DA:15,1
DA:16,2
LF:6
LH:4
end_of_record
SF:lib/presentation/bloc/recommendation/recommendation_movie_state.dart
DA:4,4
DA:6,1
DA:7,1
DA:19,2
DA:21,1
DA:22,2
DA:28,3
LF:7
LH:7
end_of_record
SF:lib/presentation/bloc/recommendation/recommendation_movie_bloc.dart
DA:11,1
DA:12,2
DA:13,2
DA:14,2
DA:15,1
DA:16,2
DA:17,1
DA:18,1
DA:19,3
DA:21,1
DA:22,1
DA:23,2
DA:26,2
LF:13
LH:13
end_of_record
SF:lib/presentation/bloc/movie_detail/movie_detail_state.dart
DA:4,4
DA:6,1
DA:7,1
DA:17,3
DA:19,1
DA:20,2
DA:26,3
LF:7
LH:7
end_of_record
SF:lib/presentation/bloc/movie_detail/movie_detail_event.dart
DA:4,3
DA:6,0
DA:7,0
DA:13,3
DA:15,1
DA:16,2
LF:6
LH:4
end_of_record
SF:lib/presentation/bloc/movie_detail/movie_detail_bloc.dart
DA:10,3
DA:11,2
DA:12,2
DA:13,1
DA:14,2
DA:16,2
DA:17,3
DA:18,1
DA:19,2
LF:9
LH:9
end_of_record
SF:lib/presentation/bloc/watchlist/watchlist_movie_event.dart
DA:4,4
DA:6,1
DA:7,1
DA:13,4
DA:15,1
DA:16,2
DA:22,3
DA:24,1
DA:25,2
DA:31,3
DA:33,1
DA:34,2
LF:12
LH:12
end_of_record
SF:lib/presentation/bloc/watchlist/watchlist_movie_bloc.dart
DA:15,1
DA:24,1
DA:25,2
DA:26,2
DA:27,2
DA:28,2
DA:36,1
DA:40,3
DA:41,3
DA:43,1
DA:44,1
DA:45,3
DA:46,1
DA:49,1
DA:50,3
DA:54,4
DA:57,1
DA:61,1
DA:62,2
DA:64,1
DA:65,1
DA:66,3
DA:67,1
DA:69,1
DA:70,1
DA:71,0
DA:74,3
DA:80,1
DA:84,3
DA:85,3
DA:87,1
DA:88,1
DA:89,3
DA:90,1
DA:93,1
DA:94,3
DA:98,4
DA:101,1
DA:105,1
DA:106,3
DA:107,3
LF:41
LH:40
end_of_record
SF:lib/presentation/bloc/watchlist/watchlist_movie_state.dart
DA:8,10
DA:22,1
DA:28,1
DA:29,1
DA:30,1
DA:31,1
DA:32,1
DA:33,1
DA:37,1
DA:39,6
LF:10
LH:10
end_of_record
SF:lib/presentation/pages/movie_detail_page.dart
DA:17,1
DA:19,1
DA:20,1
DA:24,1
DA:26,1
DA:27,6
DA:28,1
DA:29,1
DA:30,4
DA:31,1
DA:32,1
DA:33,4
DA:36,1
DA:38,1
DA:39,1
DA:40,1
DA:41,1
DA:42,1
DA:43,1
DA:44,3
DA:46,1
DA:48,1
DA:50,1
DA:51,1
DA:53,1
DA:59,1
DA:60,1
DA:61,1
DA:62,1
DA:66,1
DA:67,1
DA:68,1
DA:69,1
DA:73,1
DA:74,2
DA:88,1
DA:90,1
DA:92,3
DA:93,1
DA:94,1
DA:95,1
DA:96,2
DA:99,1
DA:101,1
DA:102,1
DA:103,1
DA:113,1
DA:114,1
DA:115,1
DA:117,1
DA:120,1
DA:122,1
DA:123,1
DA:124,2
DA:125,1
DA:127,1
DA:129,1
DA:131,1
DA:132,1
DA:133,1
DA:137,1
DA:138,3
DA:141,1
DA:142,3
DA:145,1
DA:147,1
DA:148,1
DA:150,1
DA:152,1
DA:166,1
DA:167,3
DA:169,1
DA:170,3
DA:172,1
DA:173,1
DA:174,1
DA:175,3
DA:177,1
DA:183,4
DA:187,1
DA:189,1
DA:191,1
DA:192,2
DA:195,1
DA:199,1
DA:201,1
DA:203,1
DA:204,1
DA:212,1
DA:213,2
DA:216,1
DA:217,1
DA:219,1
DA:221,1
DA:222,2
DA:223,1
DA:225,1
DA:228,0
DA:229,0
DA:232,0
DA:235,1
DA:240,1
DA:242,2
DA:247,2
DA:251,1
DA:262,1
DA:264,1
DA:279,1
DA:281,1
DA:284,1
DA:286,0
DA:287,0
DA:296,1
DA:298,2
DA:299,3
DA:302,1
DA:306,3
DA:309,1
DA:310,1
DA:311,1
DA:313,1
DA:314,1
DA:316,0
LF:123
LH:117
end_of_record
SF:lib/presentation/bloc/top_rated/top_rated_movie_state.dart
DA:4,4
DA:6,2
DA:7,2
DA:17,2
DA:19,1
DA:20,2
DA:26,3
LF:7
LH:7
end_of_record
SF:lib/presentation/bloc/top_rated/top_rated_movie_bloc.dart
DA:10,3
DA:11,2
DA:12,2
DA:14,2
DA:15,1
DA:16,1
DA:17,3
DA:19,1
DA:20,2
LF:9
LH:9
end_of_record
SF:lib/presentation/bloc/top_rated/top_rated_movie_event.dart
DA:4,2
DA:6,1
DA:7,1
LF:3
LH:3
end_of_record
SF:lib/presentation/pages/top_rated_movies_page.dart
DA:7,1
DA:9,1
DA:11,1
DA:12,1
DA:15,1
DA:17,1
DA:18,1
DA:19,1
DA:23,1
DA:24,1
DA:25,1
DA:26,2
DA:27,1
DA:29,2
DA:31,1
DA:32,1
DA:34,2
LF:17
LH:17
end_of_record
