SF:lib/data/datasources/tv_remote_data_source.dart
DA:28,1
DA:32,1
DA:35,4
DA:37,2
DA:38,4
DA:40,1
DA:44,1
DA:47,4
DA:49,2
DA:50,4
DA:52,1
DA:56,1
DA:59,4
DA:61,2
DA:62,4
DA:64,1
DA:68,1
DA:70,4
DA:72,2
DA:73,3
DA:75,1
DA:79,1
DA:82,3
DA:83,1
DA:85,2
DA:86,3
DA:88,1
DA:92,1
DA:95,1
DA:96,3
DA:98,2
DA:99,3
DA:101,1
DA:105,1
DA:107,1
DA:108,3
DA:110,2
DA:111,4
DA:113,1
DA:117,1
DA:119,1
DA:120,3
DA:122,2
DA:123,4
DA:125,1
LF:45
LH:45
end_of_record
SF:lib/data/models/detail_season_model.dart
DA:6,2
DA:24,1
DA:25,1
DA:26,2
DA:27,1
DA:28,1
DA:29,1
DA:30,4
DA:31,1
DA:32,1
DA:33,1
DA:36,0
DA:38,0
DA:39,0
DA:40,0
DA:41,0
DA:42,0
DA:43,0
DA:46,2
DA:47,1
DA:48,1
DA:49,1
DA:50,5
DA:51,1
DA:52,1
DA:53,1
DA:55,1
DA:57,1
DA:58,1
DA:59,1
DA:60,1
DA:61,1
DA:62,1
DA:63,1
DA:64,1
LF:35
LH:28
end_of_record
SF:lib/data/models/tv_detail_model.dart
DA:9,3
DA:63,2
DA:64,1
DA:65,4
DA:66,2
DA:67,1
DA:68,4
DA:69,1
DA:70,1
DA:71,1
DA:72,4
DA:73,2
DA:74,2
DA:75,1
DA:76,1
DA:77,1
DA:78,4
DA:79,1
DA:80,1
DA:81,1
DA:82,2
DA:83,1
DA:84,1
DA:85,4
DA:86,1
DA:87,1
DA:88,1
DA:89,2
DA:90,1
DA:93,0
DA:94,0
DA:95,0
DA:97,0
DA:98,0
DA:99,0
DA:100,0
DA:101,0
DA:102,0
DA:104,0
DA:105,0
DA:106,0
DA:107,0
DA:108,0
DA:109,0
DA:110,0
DA:111,0
DA:112,0
DA:113,0
DA:114,0
DA:115,0
DA:116,0
DA:117,0
DA:118,0
DA:119,0
DA:120,0
DA:123,4
DA:124,2
DA:125,2
DA:126,2
DA:127,6
DA:128,2
DA:129,2
DA:130,2
DA:131,2
DA:132,2
DA:133,4
DA:134,2
DA:135,2
DA:136,2
DA:137,2
DA:138,2
DA:139,2
DA:140,2
DA:141,2
DA:142,2
DA:143,10
DA:144,2
DA:145,2
DA:146,2
DA:147,2
DA:148,2
DA:150,1
DA:152,1
DA:153,1
DA:154,1
DA:155,1
DA:156,1
DA:157,1
DA:158,1
DA:159,1
DA:160,1
DA:161,1
DA:162,1
DA:163,1
DA:164,1
DA:165,1
DA:166,1
DA:167,1
DA:168,1
DA:169,1
DA:170,1
DA:171,1
DA:172,1
DA:173,1
DA:174,1
DA:175,1
DA:176,1
DA:177,1
LF:108
LH:82
end_of_record
SF:lib/data/models/tv_episode_model.dart
DA:6,3
DA:30,2
DA:31,1
DA:32,1
DA:33,1
DA:34,1
DA:35,1
DA:37,3
DA:38,1
DA:39,1
DA:40,1
DA:41,1
DA:44,0
DA:45,0
DA:46,0
DA:47,0
DA:48,0
DA:49,0
DA:51,0
DA:52,0
DA:53,0
DA:54,0
DA:55,0
DA:58,4
DA:59,2
DA:60,2
DA:61,2
DA:62,2
DA:63,2
DA:64,2
DA:65,2
DA:66,2
DA:67,2
DA:68,2
DA:70,1
DA:72,1
DA:73,1
DA:74,1
DA:75,1
DA:76,1
DA:77,1
DA:78,1
DA:79,1
DA:80,1
DA:81,1
DA:82,1
LF:46
LH:35
end_of_record
SF:lib/data/datasources/db/database_helper.dart
DA:8,0
DA:12,0
DA:16,0
DA:18,0
DA:25,0
DA:26,0
DA:27,0
DA:29,0
DA:33,0
DA:34,0
DA:41,0
DA:44,0
DA:45,0
DA:46,0
DA:49,0
DA:50,0
DA:51,0
DA:54,0
DA:58,0
DA:59,0
DA:60,0
DA:63,0
DA:66,0
DA:67,0
DA:73,0
DA:74,0
DA:75,0
LF:27
LH:0
end_of_record
SF:lib/data/datasources/db/database_helper_tv.dart
DA:8,0
DA:12,0
DA:16,0
DA:18,0
DA:25,0
DA:26,0
DA:27,0
DA:29,0
DA:33,0
DA:34,0
DA:41,0
DA:44,0
DA:45,0
DA:46,0
DA:49,0
DA:50,0
DA:51,0
DA:54,0
DA:58,0
DA:59,0
DA:60,0
DA:63,0
DA:66,0
DA:67,0
DA:73,0
DA:74,0
DA:75,0
LF:27
LH:0
end_of_record
SF:lib/data/datasources/movie_local_data_source.dart
DA:15,1
DA:17,1
DA:20,2
DA:23,2
DA:27,1
DA:30,2
DA:33,2
DA:37,1
DA:39,2
DA:41,1
DA:47,1
DA:49,2
DA:50,4
LF:13
LH:13
end_of_record
SF:lib/data/datasources/movie_remote_data_source.dart
DA:24,1
DA:26,1
DA:29,4
DA:31,2
DA:32,4
DA:34,1
DA:38,1
DA:41,4
DA:43,2
DA:44,3
DA:46,1
DA:50,1
DA:52,1
DA:53,3
DA:55,2
DA:56,4
DA:58,1
DA:62,1
DA:65,4
DA:67,2
DA:68,4
DA:70,1
DA:74,1
DA:77,4
DA:79,2
DA:80,4
DA:82,1
LF:27
LH:27
end_of_record
SF:lib/data/datasources/tv_local_data_source.dart
DA:16,1
DA:18,1
DA:20,2
DA:22,1
DA:28,1
DA:30,2
DA:31,4
DA:34,1
DA:37,2
DA:40,2
DA:44,1
DA:47,2
DA:50,2
LF:13
LH:13
end_of_record
SF:lib/data/models/movie_detail_model.dart
DA:6,2
DA:52,1
DA:53,1
DA:54,1
DA:55,1
DA:56,1
DA:57,1
DA:58,4
DA:59,1
DA:60,1
DA:61,1
DA:62,1
DA:63,1
DA:64,1
DA:65,2
DA:66,1
DA:67,1
DA:68,1
DA:69,1
DA:70,1
DA:71,1
DA:72,1
DA:73,1
DA:74,2
DA:75,1
DA:78,0
DA:79,0
DA:80,0
DA:81,0
DA:82,0
DA:83,0
DA:84,0
DA:85,0
DA:86,0
DA:87,0
DA:88,0
DA:89,0
DA:90,0
DA:91,0
DA:92,0
DA:93,0
DA:94,0
DA:95,0
DA:96,0
DA:97,0
DA:98,0
DA:99,0
DA:102,1
DA:103,1
DA:104,1
DA:105,1
DA:106,5
DA:107,1
DA:108,1
DA:109,1
DA:110,1
DA:111,1
DA:112,1
DA:113,1
DA:114,1
DA:115,1
DA:119,1
DA:120,1
DA:121,1
DA:122,1
DA:123,1
DA:124,1
DA:125,1
DA:126,1
DA:127,1
DA:128,1
DA:129,1
DA:130,1
DA:131,1
DA:132,1
DA:133,1
DA:134,1
DA:135,1
DA:136,1
DA:137,1
DA:138,1
DA:139,1
DA:140,1
DA:141,1
LF:84
LH:62
end_of_record
SF:lib/data/models/movie_table.dart
DA:11,2
DA:18,2
DA:19,1
DA:20,1
DA:21,1
DA:22,1
DA:25,2
DA:26,1
DA:27,1
DA:28,1
DA:29,1
DA:32,0
DA:33,0
DA:34,0
DA:35,0
DA:36,0
DA:39,2
DA:40,1
DA:41,1
DA:42,1
DA:43,1
DA:46,2
DA:47,10
LF:23
LH:18
end_of_record
SF:lib/data/models/tv_table.dart
DA:11,2
DA:18,2
DA:19,1
DA:20,1
DA:21,1
DA:22,1
DA:25,2
DA:26,1
DA:27,1
DA:28,1
DA:29,1
DA:32,0
DA:33,0
DA:34,0
DA:35,0
DA:36,0
DA:39,2
DA:40,1
DA:41,1
DA:42,1
DA:43,1
DA:46,2
DA:47,10
LF:23
LH:18
end_of_record
SF:lib/domain/entities/detail_season.dart
DA:5,4
DA:23,1
DA:25,1
DA:26,1
DA:27,1
DA:28,1
DA:29,1
DA:30,1
DA:31,1
DA:32,1
LF:10
LH:10
end_of_record
SF:lib/domain/entities/movie_detail.dart
DA:5,6
DA:33,1
DA:34,1
DA:35,1
DA:36,1
DA:37,1
DA:38,1
DA:39,1
DA:40,1
DA:41,1
DA:42,1
DA:43,1
DA:44,1
DA:45,1
LF:14
LH:14
end_of_record
SF:lib/domain/entities/tv_detail.dart
DA:9,7
DA:63,2
DA:65,2
DA:66,2
DA:67,2
DA:68,2
DA:69,2
DA:70,2
DA:71,2
DA:72,2
DA:73,2
DA:74,2
DA:75,2
DA:76,2
DA:77,2
DA:78,2
DA:79,2
DA:80,2
DA:81,2
DA:82,2
DA:83,2
DA:84,2
DA:85,2
DA:86,2
DA:87,2
DA:88,2
DA:89,2
DA:90,2
LF:28
LH:28
end_of_record
SF:lib/domain/entities/tv_episode.dart
DA:4,13
DA:28,2
DA:30,2
DA:31,2
DA:32,2
DA:33,2
DA:34,2
DA:35,2
DA:36,2
DA:37,2
DA:38,2
DA:39,2
DA:40,2
LF:13
LH:13
end_of_record
SF:lib/data/models/genre_model.dart
DA:5,4
DA:13,4
DA:14,2
DA:15,2
DA:18,2
DA:19,1
DA:20,1
DA:23,2
DA:24,6
DA:27,2
DA:28,6
LF:11
LH:11
end_of_record
SF:lib/domain/entities/genre.dart
DA:4,7
DA:12,2
DA:13,6
LF:3
LH:3
end_of_record
SF:lib/data/models/season_model.dart
DA:5,3
DA:23,2
DA:25,3
DA:26,1
DA:27,1
DA:28,1
DA:29,1
DA:30,1
DA:31,1
DA:34,0
DA:36,0
DA:37,0
DA:38,0
DA:39,0
DA:40,0
DA:41,0
DA:42,0
DA:45,4
DA:46,2
DA:47,2
DA:48,2
DA:49,2
DA:50,2
DA:51,2
DA:52,2
DA:54,1
DA:56,1
DA:57,1
DA:58,1
DA:59,1
DA:60,1
DA:61,1
DA:62,1
DA:63,1
LF:34
LH:26
end_of_record
SF:lib/domain/entities/season.dart
DA:4,7
DA:22,2
DA:24,2
DA:25,2
DA:26,2
DA:27,2
DA:28,2
DA:29,2
DA:30,2
DA:31,2
LF:10
LH:10
end_of_record
SF:lib/data/repositories/movie_repository_impl.dart
DA:18,1
DA:23,1
DA:26,2
DA:27,5
DA:28,1
DA:29,2
DA:30,1
DA:31,2
DA:35,1
DA:38,2
DA:39,2
DA:40,1
DA:41,2
DA:42,1
DA:43,2
DA:47,1
DA:50,2
DA:51,3
DA:52,1
DA:53,2
DA:54,1
DA:55,2
DA:59,1
DA:62,2
DA:63,5
DA:64,1
DA:65,2
DA:66,1
DA:67,2
DA:71,1
DA:74,2
DA:75,5
DA:76,1
DA:77,2
DA:78,1
DA:79,2
DA:84,1
DA:88,3
DA:89,1
DA:90,1
DA:91,3
DA:97,1
DA:101,3
DA:102,1
DA:103,1
DA:104,3
DA:108,1
DA:110,2
DA:114,1
DA:116,2
DA:117,5
LF:51
LH:51
end_of_record
SF:lib/data/repositories/tv_repository_impl.dart
DA:20,1
DA:25,1
DA:28,2
DA:29,5
DA:30,1
DA:31,2
DA:32,1
DA:33,2
DA:37,1
DA:40,2
DA:41,5
DA:42,1
DA:43,2
DA:44,1
DA:45,2
DA:49,1
DA:52,2
DA:53,5
DA:54,1
DA:55,2
DA:56,1
DA:57,2
DA:61,1
DA:64,2
DA:65,2
DA:66,1
DA:67,2
DA:68,1
DA:69,2
DA:73,1
DA:77,2
DA:79,2
DA:80,1
DA:81,2
DA:82,1
DA:83,2
DA:87,1
DA:92,2
DA:93,2
DA:94,1
DA:95,2
DA:96,1
DA:97,2
DA:101,1
DA:104,2
DA:105,5
DA:106,1
DA:107,2
DA:108,1
DA:109,2
DA:113,1
DA:115,2
DA:116,5
DA:119,1
DA:121,2
DA:125,1
DA:129,3
DA:130,1
DA:131,1
DA:132,3
DA:136,1
DA:140,3
DA:141,1
DA:142,1
DA:143,3
LF:65
LH:65
end_of_record
SF:lib/domain/usecases/get_top_rated_movies.dart
DA:9,1
DA:11,1
DA:12,2
LF:3
LH:3
end_of_record
SF:lib/domain/usecases/save_watchlist.dart
DA:9,1
DA:11,1
DA:12,2
LF:3
LH:3
end_of_record
SF:lib/domain/usecases/get_movie_detail.dart
DA:9,1
DA:11,1
DA:12,2
LF:3
LH:3
end_of_record
SF:lib/domain/usecases/tv/get_tv_watchlist_status.dart
DA:6,1
DA:8,1
DA:9,2
LF:3
LH:3
end_of_record
SF:lib/domain/usecases/tv/get_tv_detail_episode.dart
DA:9,1
DA:11,1
DA:13,2
LF:3
LH:3
end_of_record
SF:lib/domain/usecases/tv/get_now_airing_tvs.dart
DA:10,1
DA:12,1
DA:13,2
LF:3
LH:3
end_of_record
SF:lib/domain/usecases/tv/get_popular_tvs.dart
DA:10,1
DA:12,1
DA:13,2
LF:3
LH:3
end_of_record
SF:lib/domain/usecases/tv/get_top_rated_tvs.dart
DA:9,1
DA:11,1
DA:12,2
LF:3
LH:3
end_of_record
SF:lib/domain/usecases/tv/get_tvs_recommendation.dart
DA:9,1
DA:11,1
DA:12,2
LF:3
LH:3
end_of_record
SF:lib/domain/usecases/tv/get_watchlist_tvs.dart
DA:9,1
DA:11,1
DA:12,2
LF:3
LH:3
end_of_record
SF:lib/domain/usecases/tv/remove_watchlist_tv.dart
DA:9,1
DA:11,1
DA:12,2
LF:3
LH:3
end_of_record
SF:lib/domain/usecases/tv/save_watchlist_tv.dart
DA:9,1
DA:11,1
DA:12,2
LF:3
LH:3
end_of_record
SF:lib/domain/usecases/tv/get_tv_detail_season.dart
DA:9,1
DA:11,1
DA:12,2
LF:3
LH:3
end_of_record
SF:lib/domain/usecases/tv/get_tv_detail.dart
DA:9,1
DA:11,1
DA:12,2
LF:3
LH:3
end_of_record
SF:lib/domain/usecases/get_movie_recommendations.dart
DA:9,1
DA:11,1
DA:12,2
LF:3
LH:3
end_of_record
SF:lib/domain/usecases/get_watchlist_movies.dart
DA:9,1
DA:11,1
DA:12,2
LF:3
LH:3
end_of_record
SF:lib/domain/usecases/get_now_playing_movies.dart
DA:9,1
DA:11,1
DA:12,2
LF:3
LH:3
end_of_record
SF:lib/domain/usecases/remove_watchlist.dart
DA:9,1
DA:11,1
DA:12,2
LF:3
LH:3
end_of_record
SF:lib/domain/usecases/get_popular_movies.dart
DA:9,1
DA:11,1
DA:12,2
LF:3
LH:3
end_of_record
SF:lib/domain/usecases/get_watchlist_status.dart
DA:6,1
DA:8,1
DA:9,2
LF:3
LH:3
end_of_record
SF:lib/presentation/provider/movie_detail_notifier.dart
DA:22,1
DA:31,2
DA:34,2
DA:37,2
DA:40,2
DA:43,2
DA:46,2
DA:48,1
DA:49,1
DA:50,1
DA:51,2
DA:52,2
DA:53,1
DA:54,1
DA:55,1
DA:56,2
DA:57,1
DA:59,1
DA:60,1
DA:61,1
DA:62,1
DA:63,1
DA:64,1
DA:65,1
DA:66,2
DA:68,1
DA:69,1
DA:70,1
DA:73,1
DA:74,1
DA:80,2
DA:82,1
DA:83,2
DA:85,1
DA:86,1
DA:87,2
DA:89,1
DA:90,1
DA:94,2
DA:97,1
DA:98,2
DA:100,1
DA:101,1
DA:102,2
DA:104,1
DA:105,1
DA:109,2
DA:112,1
DA:113,2
DA:114,1
DA:115,1
LF:51
LH:51
end_of_record
SF:lib/presentation/provider/watchlist_movie_notifier.dart
DA:8,2
DA:11,2
DA:14,2
DA:16,1
DA:20,1
DA:21,1
DA:22,1
DA:24,2
DA:25,1
DA:26,1
DA:27,1
DA:28,2
DA:29,1
DA:31,1
DA:32,1
DA:33,1
DA:34,1
LF:17
LH:17
end_of_record
SF:lib/presentation/provider/popular_movies_notifier.dart
DA:9,1
DA:12,2
DA:15,2
DA:18,2
DA:20,1
DA:21,1
DA:22,1
DA:24,2
DA:26,1
DA:27,1
DA:28,2
DA:29,1
DA:30,1
DA:32,1
DA:33,1
DA:34,1
DA:35,1
LF:17
LH:17
end_of_record
SF:lib/presentation/provider/movie_list_notifier.dart
DA:10,2
DA:13,2
DA:16,2
DA:19,2
DA:22,2
DA:25,2
DA:28,2
DA:30,1
DA:40,1
DA:41,1
DA:42,1
DA:44,2
DA:45,1
DA:46,1
DA:47,1
DA:48,2
DA:49,1
DA:51,1
DA:52,1
DA:53,1
DA:54,1
DA:59,1
DA:60,1
DA:61,1
DA:63,2
DA:64,1
DA:65,1
DA:66,1
DA:67,2
DA:68,1
DA:70,1
DA:71,1
DA:72,1
DA:73,1
DA:78,1
DA:79,1
DA:80,1
DA:82,2
DA:83,1
DA:84,1
DA:85,1
DA:86,2
DA:87,1
DA:89,1
DA:90,1
DA:91,1
DA:92,1
LF:47
LH:47
end_of_record
SF:lib/presentation/provider/top_rated_movies_notifier.dart
DA:9,1
DA:12,2
DA:15,2
DA:18,2
DA:20,1
DA:21,1
DA:22,1
DA:24,2
DA:26,1
DA:27,1
DA:28,2
DA:29,1
DA:30,1
DA:32,1
DA:33,1
DA:34,1
DA:35,1
LF:17
LH:17
end_of_record
SF:lib/presentation/tv/provider/tv_list_notifier.dart
DA:10,2
DA:13,2
DA:16,2
DA:19,2
DA:22,2
DA:25,2
DA:28,2
DA:30,1
DA:40,1
DA:41,1
DA:42,1
DA:44,2
DA:45,2
DA:46,1
DA:47,2
DA:48,1
DA:49,1
DA:50,4
DA:51,1
DA:52,1
DA:53,1
DA:57,1
DA:58,1
DA:59,1
DA:61,2
DA:62,2
DA:63,1
DA:64,2
DA:65,1
DA:66,1
DA:67,1
DA:68,1
DA:69,1
DA:73,1
DA:74,1
DA:75,1
DA:77,2
DA:78,2
DA:79,1
DA:80,2
DA:81,1
DA:82,1
DA:83,1
DA:84,1
DA:85,1
LF:45
LH:45
end_of_record
SF:lib/presentation/tv/provider/tv_detail_notifier.dart
DA:22,1
DA:31,2
DA:34,2
DA:37,2
DA:40,2
DA:43,2
DA:46,2
DA:48,1
DA:49,1
DA:50,1
DA:51,1
DA:52,2
DA:53,2
DA:54,1
DA:55,1
DA:56,1
DA:57,2
DA:58,1
DA:60,1
DA:61,1
DA:62,1
DA:63,1
DA:64,1
DA:65,1
DA:66,2
DA:68,1
DA:69,1
DA:70,1
DA:73,1
DA:74,1
DA:80,2
DA:82,1
DA:83,2
DA:85,1
DA:86,1
DA:87,2
DA:89,1
DA:90,1
DA:94,2
DA:97,1
DA:98,2
DA:100,1
DA:101,1
DA:102,2
DA:104,1
DA:105,1
DA:109,2
DA:112,1
DA:113,2
DA:114,1
DA:115,1
LF:51
LH:51
end_of_record
SF:lib/presentation/tv/provider/airing_now_tvs_notifier.dart
DA:10,1
DA:13,2
DA:16,2
DA:19,2
DA:21,1
DA:22,1
DA:23,1
DA:25,2
DA:27,2
DA:28,2
DA:29,1
DA:30,1
DA:31,1
DA:32,1
DA:33,1
DA:34,1
LF:16
LH:16
end_of_record
SF:lib/presentation/tv/provider/watchlist_tv_notifier.dart
DA:9,1
DA:12,2
DA:15,2
DA:18,2
DA:20,1
DA:21,1
DA:22,1
DA:24,2
DA:25,2
DA:26,1
DA:27,2
DA:28,1
DA:29,1
DA:30,1
DA:31,1
DA:32,1
LF:16
LH:16
end_of_record
SF:lib/presentation/tv/provider/episode_detail_tv_notifier.dart
DA:9,1
DA:12,2
DA:15,2
DA:18,2
DA:20,1
DA:24,1
DA:25,1
DA:28,2
DA:30,2
DA:31,1
DA:32,2
DA:33,1
DA:34,1
DA:35,1
DA:36,1
DA:37,1
LF:16
LH:16
end_of_record
SF:lib/presentation/tv/provider/top_rated_tvs_notifier.dart
DA:10,1
DA:13,2
DA:16,2
DA:19,2
DA:21,1
DA:22,1
DA:23,1
DA:25,2
DA:27,2
DA:28,2
DA:29,1
DA:30,1
DA:31,1
DA:32,1
DA:33,1
DA:34,1
LF:16
LH:16
end_of_record
SF:lib/presentation/tv/provider/popular_tvs_notifier.dart
DA:10,1
DA:13,2
DA:16,2
DA:19,2
DA:21,1
DA:22,1
DA:23,1
DA:25,2
DA:27,2
DA:28,2
DA:29,1
DA:30,1
DA:31,1
DA:32,1
DA:33,1
DA:34,1
LF:16
LH:16
end_of_record
SF:lib/presentation/tv/provider/season_detail_tv_notifier.dart
DA:9,1
DA:12,2
DA:15,2
DA:18,2
DA:20,1
DA:22,1
DA:23,1
DA:25,2
DA:27,2
DA:28,1
DA:29,2
DA:30,1
DA:31,1
DA:32,1
DA:33,1
DA:34,1
LF:16
LH:16
end_of_record
SF:lib/presentation/tv/pages/tv_season_page.dart
DA:14,2
DA:20,1
DA:21,1
DA:25,1
DA:27,1
DA:28,5
DA:29,6
DA:32,1
DA:34,1
DA:35,1
DA:36,1
DA:38,1
DA:39,2
DA:40,2
DA:41,4
DA:42,1
DA:43,1
DA:44,1
DA:45,3
DA:46,3
DA:49,3
DA:51,2
DA:52,1
DA:53,1
DA:56,1
DA:57,1
DA:58,1
DA:69,1
DA:71,1
DA:73,1
DA:75,1
DA:76,0
DA:77,0
DA:80,0
DA:81,0
DA:82,0
DA:83,0
DA:86,1
DA:88,1
DA:89,1
DA:90,1
DA:96,1
DA:98,1
DA:99,1
DA:100,2
DA:103,1
DA:105,1
DA:106,1
DA:107,2
DA:115,1
DA:120,1
DA:121,1
DA:122,2
DA:123,1
DA:127,1
DA:128,1
DA:133,1
DA:134,3
DA:138,2
DA:139,1
DA:141,0
DA:144,2
DA:158,1
LF:63
LH:56
end_of_record
SF:lib/presentation/tv/pages/tv_detail_episode_page.dart
DA:12,2
DA:18,1
DA:19,1
DA:23,1
DA:25,1
DA:26,5
DA:27,3
DA:28,3
DA:29,3
DA:32,1
DA:34,1
DA:35,1
DA:36,1
DA:38,2
DA:39,1
DA:40,2
DA:41,2
DA:42,2
DA:43,1
DA:44,1
DA:47,1
DA:48,1
DA:49,1
DA:57,1
DA:58,1
DA:62,1
DA:64,3
DA:65,1
DA:66,2
DA:67,1
DA:68,2
DA:69,1
DA:70,3
DA:72,2
DA:73,1
DA:75,0
DA:77,1
DA:80,1
DA:81,1
DA:87,1
DA:90,1
DA:91,2
DA:92,1
DA:94,1
DA:97,1
DA:98,1
DA:99,1
DA:100,3
DA:102,2
DA:108,4
DA:111,1
DA:114,1
DA:116,1
DA:118,1
DA:119,2
DA:131,1
LF:56
LH:55
end_of_record
SF:lib/presentation/tv/pages/popular_tvs_page.dart
DA:10,1
DA:11,1
DA:15,1
DA:17,1
DA:18,2
DA:19,2
DA:20,1
DA:23,1
DA:25,1
DA:26,1
DA:27,1
DA:29,1
DA:31,1
DA:32,1
DA:33,2
DA:34,1
DA:35,1
DA:37,2
DA:38,1
DA:39,1
DA:40,2
DA:41,1
DA:43,2
DA:46,1
DA:47,1
DA:48,2
LF:26
LH:26
end_of_record
SF:lib/presentation/tv/pages/airing_now_tvs_page.dart
DA:10,1
DA:11,1
DA:15,1
DA:17,1
DA:18,2
DA:19,2
DA:20,1
DA:23,1
DA:25,1
DA:26,1
DA:27,1
DA:29,1
DA:31,1
DA:32,1
DA:33,2
DA:34,1
DA:35,1
DA:37,2
DA:38,1
DA:39,1
DA:40,2
DA:41,1
DA:43,2
DA:46,1
DA:47,1
DA:48,2
LF:26
LH:26
end_of_record
SF:lib/presentation/tv/pages/top_rated_tvs_page.dart
DA:10,1
DA:11,1
DA:15,1
DA:17,1
DA:18,2
DA:19,2
DA:20,1
DA:23,1
DA:25,1
DA:26,1
DA:27,1
DA:29,1
DA:31,1
DA:32,1
DA:33,2
DA:34,1
DA:35,1
DA:37,2
DA:38,1
DA:39,1
DA:40,2
DA:41,1
DA:43,2
DA:46,1
DA:47,1
DA:48,2
LF:26
LH:26
end_of_record
SF:lib/presentation/tv/pages/tv_detail_page.dart
DA:20,1
DA:22,1
DA:23,1
DA:27,1
DA:29,1
DA:30,2
DA:31,2
DA:32,3
DA:33,2
DA:34,3
DA:38,1
DA:40,1
DA:41,1
DA:42,1
DA:43,2
DA:44,1
DA:45,1
DA:47,2
DA:48,1
DA:49,1
DA:50,1
DA:52,1
DA:53,1
DA:57,2
DA:70,1
DA:72,1
DA:74,3
DA:75,1
DA:76,1
DA:77,1
DA:78,3
DA:80,2
DA:81,1
DA:83,0
DA:85,1
DA:87,1
DA:88,1
DA:89,1
DA:90,1
DA:92,2
DA:99,1
DA:100,1
DA:101,1
DA:103,1
DA:104,1
DA:106,1
DA:108,1
DA:109,1
DA:110,2
DA:111,1
DA:113,1
DA:114,1
DA:115,1
DA:116,1
DA:118,2
DA:120,1
DA:122,2
DA:125,1
DA:128,1
DA:130,1
DA:133,1
DA:136,2
DA:137,2
DA:139,1
DA:141,1
DA:142,1
DA:143,1
DA:148,1
DA:150,1
DA:151,1
DA:152,1
DA:153,1
DA:154,1
DA:158,1
DA:159,3
DA:161,1
DA:162,1
DA:164,1
DA:165,1
DA:166,1
DA:167,3
DA:169,2
DA:175,4
DA:178,1
DA:179,1
DA:181,1
DA:183,1
DA:184,2
DA:186,1
DA:187,1
DA:189,1
DA:190,1
DA:192,1
DA:193,1
DA:194,2
DA:196,1
DA:197,1
DA:198,1
DA:202,2
DA:204,2
DA:205,1
DA:207,2
DA:209,1
DA:211,1
DA:213,1
DA:214,2
DA:215,1
DA:217,1
DA:218,1
DA:220,0
DA:221,0
DA:224,0
DA:227,1
DA:228,1
DA:229,1
DA:231,1
DA:233,2
DA:234,1
DA:235,1
DA:237,1
DA:240,0
DA:241,0
DA:247,2
DA:251,1
DA:252,1
DA:257,1
DA:258,1
DA:260,1
DA:261,1
DA:263,1
DA:265,1
DA:267,1
DA:268,3
DA:269,1
DA:271,1
DA:272,1
DA:273,0
DA:274,0
DA:277,0
DA:278,0
DA:280,0
DA:283,1
DA:284,1
DA:285,1
DA:288,1
DA:289,1
DA:294,1
DA:295,1
DA:296,1
DA:298,1
DA:300,2
DA:301,1
DA:302,1
DA:304,1
DA:307,0
DA:308,0
DA:315,3
DA:318,1
DA:319,1
DA:321,1
DA:322,1
DA:324,1
DA:326,1
DA:328,1
DA:329,1
DA:330,0
DA:331,0
DA:334,0
DA:335,0
DA:336,0
DA:337,0
DA:338,0
DA:339,0
DA:342,1
DA:343,3
DA:345,1
DA:348,1
DA:349,1
DA:354,1
DA:355,1
DA:356,1
DA:358,1
DA:360,4
DA:361,2
DA:362,1
DA:364,0
DA:365,0
DA:376,1
DA:378,1
DA:393,1
DA:395,1
DA:398,1
DA:399,1
DA:400,0
DA:401,0
DA:410,1
DA:412,1
DA:413,0
DA:416,1
DA:420,0
DA:423,1
DA:424,1
DA:425,1
DA:427,1
DA:428,0
DA:430,1
LF:206
LH:178
end_of_record
SF:lib/presentation/pages/top_rated_movies_page.dart
DA:9,1
DA:10,1
DA:14,1
DA:16,1
DA:17,2
DA:18,2
DA:19,1
DA:22,1
DA:24,1
DA:25,1
DA:26,1
DA:28,1
DA:30,1
DA:31,1
DA:32,2
DA:33,1
DA:34,1
DA:36,2
DA:37,1
DA:38,1
DA:39,2
DA:40,1
DA:42,2
DA:45,1
DA:46,1
DA:47,2
LF:26
LH:26
end_of_record
SF:lib/presentation/pages/popular_movies_page.dart
DA:9,1
DA:10,1
DA:14,1
DA:16,1
DA:17,2
DA:18,2
DA:19,1
DA:22,1
DA:24,1
DA:25,1
DA:26,1
DA:28,1
DA:30,1
DA:31,1
DA:32,2
DA:33,1
DA:34,1
DA:36,2
DA:37,1
DA:38,1
DA:39,2
DA:40,1
DA:42,2
DA:45,1
DA:46,1
DA:47,2
LF:26
LH:26
end_of_record
SF:lib/presentation/pages/movie_detail_page.dart
DA:17,1
DA:19,1
DA:20,1
DA:24,1
DA:26,1
DA:27,2
DA:28,2
DA:29,3
DA:30,2
DA:31,3
DA:35,1
DA:37,1
DA:38,1
DA:39,1
DA:40,2
DA:41,1
DA:42,1
DA:44,2
DA:45,1
DA:46,1
DA:47,1
DA:49,1
DA:50,1
DA:54,2
DA:67,1
DA:69,1
DA:71,3
DA:72,1
DA:73,1
DA:74,1
DA:75,3
DA:77,2
DA:78,1
DA:80,0
DA:82,1
DA:84,1
DA:85,1
DA:86,1
DA:87,1
DA:89,2
DA:96,1
DA:97,1
DA:98,1
DA:100,1
DA:101,1
DA:103,1
DA:105,1
DA:106,1
DA:107,2
DA:108,1
DA:110,1
DA:111,1
DA:112,1
DA:113,1
DA:116,2
DA:118,1
DA:121,2
DA:125,1
DA:127,1
DA:129,1
DA:132,1
DA:135,2
DA:136,2
DA:138,1
DA:140,1
DA:141,1
DA:142,1
DA:147,1
DA:149,1
DA:150,1
DA:151,1
DA:152,1
DA:153,1
DA:157,1
DA:158,3
DA:160,1
DA:161,3
DA:163,1
DA:164,1
DA:165,1
DA:166,3
DA:168,2
DA:174,4
DA:177,1
DA:178,1
DA:180,1
DA:182,1
DA:183,2
DA:185,1
DA:186,1
DA:188,1
DA:189,1
DA:191,1
DA:192,1
DA:193,2
DA:195,1
DA:196,1
DA:197,1
DA:201,2
DA:203,2
DA:205,1
DA:206,2
DA:208,1
DA:210,1
DA:212,1
DA:213,2
DA:214,1
DA:216,1
DA:217,1
DA:219,0
DA:220,0
DA:223,0
DA:226,1
DA:227,1
DA:228,1
DA:230,1
DA:232,2
DA:233,1
DA:234,1
DA:236,1
DA:239,0
DA:240,0
DA:246,2
DA:250,1
DA:251,1
DA:260,1
DA:262,1
DA:277,1
DA:279,1
DA:282,1
DA:283,1
DA:284,0
DA:285,0
DA:294,1
DA:296,2
DA:297,3
DA:300,1
DA:304,3
DA:307,1
DA:308,1
DA:309,1
DA:311,1
DA:312,1
DA:314,0
LF:144
LH:135
end_of_record
